{"C:\\Users\\rodri\\Desktop\\Proyecto-Municipalidad-Valle-del-Sol\\Sigi_Front\\src\\components\\AuthHero.jsx": {"path":"C:\\Users\\rodri\\Desktop\\Proyecto-Municipalidad-Valle-del-Sol\\Sigi_Front\\src\\components\\AuthHero.jsx","statementMap":{"0":{"start":{"line":2,"column":2},"end":{"line":18,"column":4}}},"fnMap":{"0":{"name":"AuthHero","decl":{"start":{"line":1,"column":24},"end":{"line":1,"column":32}},"loc":{"start":{"line":1,"column":47},"end":{"line":19,"column":1}},"line":1}},"branchMap":{},"s":{"0":57},"f":{"0":57},"b":{},"_coverageSchema":"1a1c01bbd47fc00a2c39e90264f33305004495a9","hash":"649887e8dcda018e28c68bd7f4063a8e86ae166f"}
,"C:\\Users\\rodri\\Desktop\\Proyecto-Municipalidad-Valle-del-Sol\\Sigi_Front\\src\\components\\ReporteIncendioCard.jsx": {"path":"C:\\Users\\rodri\\Desktop\\Proyecto-Municipalidad-Valle-del-Sol\\Sigi_Front\\src\\components\\ReporteIncendioCard.jsx","statementMap":{"0":{"start":{"line":4,"column":34},"end":{"line":6,"column":3}},"1":{"start":{"line":8,"column":25},"end":{"line":11,"column":3}},"2":{"start":{"line":9,"column":4},"end":{"line":9,"column":22}},"3":{"start":{"line":10,"column":4},"end":{"line":10,"column":29}},"4":{"start":{"line":13,"column":2},"end":{"line":55,"column":4}}},"fnMap":{"0":{"name":"ReporteIncendioCard","decl":{"start":{"line":3,"column":24},"end":{"line":3,"column":43}},"loc":{"start":{"line":3,"column":83},"end":{"line":56,"column":1}},"line":3},"1":{"name":"(anonymous_1)","decl":{"start":{"line":8,"column":25},"end":{"line":8,"column":26}},"loc":{"start":{"line":8,"column":31},"end":{"line":11,"column":3}},"line":8}},"branchMap":{"0":{"loc":{"start":{"line":16,"column":8},"end":{"line":16,"column":56}},"type":"cond-expr","locations":[{"start":{"line":16,"column":19},"end":{"line":16,"column":43}},{"start":{"line":16,"column":46},"end":{"line":16,"column":56}}],"line":16},"1":{"loc":{"start":{"line":21,"column":10},"end":{"line":25,"column":47}},"type":"cond-expr","locations":[{"start":{"line":22,"column":14},"end":{"line":22,"column":39}},{"start":{"line":23,"column":14},"end":{"line":25,"column":47}}],"line":21},"2":{"loc":{"start":{"line":23,"column":14},"end":{"line":25,"column":47}},"type":"cond-expr","locations":[{"start":{"line":24,"column":16},"end":{"line":24,"column":47}},{"start":{"line":25,"column":16},"end":{"line":25,"column":47}}],"line":23},"3":{"loc":{"start":{"line":28,"column":10},"end":{"line":28,"column":40}},"type":"binary-expr","locations":[{"start":{"line":28,"column":10},"end":{"line":28,"column":29}},{"start":{"line":28,"column":33},"end":{"line":28,"column":40}}],"line":28},"4":{"loc":{"start":{"line":32,"column":7},"end":{"line":34,"column":7}},"type":"binary-expr","locations":[{"start":{"line":32,"column":7},"end":{"line":32,"column":26}},{"start":{"line":33,"column":8},"end":{"line":33,"column":88}}],"line":32},"5":{"loc":{"start":{"line":37,"column":7},"end":{"line":39,"column":7}},"type":"binary-expr","locations":[{"start":{"line":37,"column":7},"end":{"line":37,"column":21}},{"start":{"line":38,"column":8},"end":{"line":38,"column":82}}],"line":37},"6":{"loc":{"start":{"line":41,"column":7},"end":{"line":53,"column":7}},"type":"cond-expr","locations":[{"start":{"line":42,"column":8},"end":{"line":42,"column":81}},{"start":{"line":44,"column":8},"end":{"line":52,"column":17}}],"line":41},"7":{"loc":{"start":{"line":51,"column":11},"end":{"line":51,"column":57}},"type":"cond-expr","locations":[{"start":{"line":51,"column":22},"end":{"line":51,"column":32}},{"start":{"line":51,"column":35},"end":{"line":51,"column":57}}],"line":51}},"s":{"0":2,"1":2,"2":1,"3":1,"4":2},"f":{"0":2,"1":1},"b":{"0":[1,1],"1":[2,0],"2":[0,0],"3":[2,0],"4":[2,0],"5":[2,0],"6":[0,2],"7":[1,1]},"_coverageSchema":"1a1c01bbd47fc00a2c39e90264f33305004495a9","hash":"68c5de35a6c6aa84e2e4cf48262bec6502c96ea5"}
,"C:\\Users\\rodri\\Desktop\\Proyecto-Municipalidad-Valle-del-Sol\\Sigi_Front\\src\\constants\\usuariosPrueba.js": {"path":"C:\\Users\\rodri\\Desktop\\Proyecto-Municipalidad-Valle-del-Sol\\Sigi_Front\\src\\constants\\usuariosPrueba.js","statementMap":{"0":{"start":{"line":4,"column":31},"end":{"line":75,"column":1}},"1":{"start":{"line":77,"column":21},"end":{"line":86,"column":1}},"2":{"start":{"line":88,"column":28},"end":{"line":94,"column":1}},"3":{"start":{"line":96,"column":37},"end":{"line":100,"column":1}},"4":{"start":{"line":102,"column":29},"end":{"line":133,"column":1}},"5":{"start":{"line":136,"column":2},"end":{"line":136,"column":29}},"6":{"start":{"line":140,"column":2},"end":{"line":140,"column":65}},"7":{"start":{"line":144,"column":2},"end":{"line":144,"column":55}},"8":{"start":{"line":148,"column":2},"end":{"line":148,"column":36}},"9":{"start":{"line":152,"column":2},"end":{"line":152,"column":33}},"10":{"start":{"line":156,"column":2},"end":{"line":156,"column":45}},"11":{"start":{"line":160,"column":2},"end":{"line":160,"column":76}},"12":{"start":{"line":160,"column":56},"end":{"line":160,"column":76}},"13":{"start":{"line":161,"column":2},"end":{"line":161,"column":48}},"14":{"start":{"line":161,"column":25},"end":{"line":161,"column":48}},"15":{"start":{"line":162,"column":2},"end":{"line":162,"column":19}}},"fnMap":{"0":{"name":"esAdmin","decl":{"start":{"line":135,"column":16},"end":{"line":135,"column":23}},"loc":{"start":{"line":135,"column":29},"end":{"line":137,"column":1}},"line":135},"1":{"name":"esOperador","decl":{"start":{"line":139,"column":16},"end":{"line":139,"column":26}},"loc":{"start":{"line":139,"column":32},"end":{"line":141,"column":1}},"line":139},"2":{"name":"esEquipoEmergencia","decl":{"start":{"line":143,"column":16},"end":{"line":143,"column":34}},"loc":{"start":{"line":143,"column":40},"end":{"line":145,"column":1}},"line":143},"3":{"name":"esEquipoSolo","decl":{"start":{"line":147,"column":16},"end":{"line":147,"column":28}},"loc":{"start":{"line":147,"column":34},"end":{"line":149,"column":1}},"line":147},"4":{"name":"esCiudadano","decl":{"start":{"line":151,"column":16},"end":{"line":151,"column":27}},"loc":{"start":{"line":151,"column":33},"end":{"line":153,"column":1}},"line":151},"5":{"name":"puedeReportar","decl":{"start":{"line":155,"column":16},"end":{"line":155,"column":29}},"loc":{"start":{"line":155,"column":35},"end":{"line":157,"column":1}},"line":155},"6":{"name":"rutaInicioPorRol","decl":{"start":{"line":159,"column":16},"end":{"line":159,"column":32}},"loc":{"start":{"line":159,"column":38},"end":{"line":163,"column":1}},"line":159}},"branchMap":{"0":{"loc":{"start":{"line":140,"column":9},"end":{"line":140,"column":64}},"type":"binary-expr","locations":[{"start":{"line":140,"column":9},"end":{"line":140,"column":41}},{"start":{"line":140,"column":45},"end":{"line":140,"column":64}}],"line":140},"1":{"loc":{"start":{"line":144,"column":9},"end":{"line":144,"column":54}},"type":"binary-expr","locations":[{"start":{"line":144,"column":9},"end":{"line":144,"column":35}},{"start":{"line":144,"column":39},"end":{"line":144,"column":54}}],"line":144},"2":{"loc":{"start":{"line":160,"column":2},"end":{"line":160,"column":76}},"type":"if","locations":[{"start":{"line":160,"column":2},"end":{"line":160,"column":76}},{"start":{},"end":{}}],"line":160},"3":{"loc":{"start":{"line":160,"column":6},"end":{"line":160,"column":54}},"type":"binary-expr","locations":[{"start":{"line":160,"column":6},"end":{"line":160,"column":18}},{"start":{"line":160,"column":22},"end":{"line":160,"column":54}}],"line":160},"4":{"loc":{"start":{"line":161,"column":2},"end":{"line":161,"column":48}},"type":"if","locations":[{"start":{"line":161,"column":2},"end":{"line":161,"column":48}},{"start":{},"end":{}}],"line":161}},"s":{"0":2,"1":2,"2":2,"3":2,"4":2,"5":8,"6":8,"7":4,"8":6,"9":0,"10":4,"11":3,"12":1,"13":2,"14":0,"15":2},"f":{"0":8,"1":8,"2":4,"3":6,"4":0,"5":4,"6":3},"b":{"0":[8,8],"1":[4,4],"2":[1,2],"3":[3,2],"4":[0,2]},"_coverageSchema":"1a1c01bbd47fc00a2c39e90264f33305004495a9","hash":"58b504afeca300d6c96c9709f4c9a8ea70157d52"}
,"C:\\Users\\rodri\\Desktop\\Proyecto-Municipalidad-Valle-del-Sol\\Sigi_Front\\src\\context\\AuthContext.jsx": {"path":"C:\\Users\\rodri\\Desktop\\Proyecto-Municipalidad-Valle-del-Sol\\Sigi_Front\\src\\context\\AuthContext.jsx","statementMap":{"0":{"start":{"line":13,"column":20},"end":{"line":13,"column":39}},"1":{"start":{"line":16,"column":26},"end":{"line":16,"column":57}},"2":{"start":{"line":16,"column":41},"end":{"line":16,"column":56}},"3":{"start":{"line":17,"column":28},"end":{"line":17,"column":42}},"4":{"start":{"line":19,"column":16},"end":{"line":59,"column":3}},"5":{"start":{"line":20,"column":11},"end":{"line":57,"column":5}},"6":{"start":{"line":39,"column":8},"end":{"line":39,"column":23}},"7":{"start":{"line":40,"column":8},"end":{"line":47,"column":9}},"8":{"start":{"line":41,"column":26},"end":{"line":41,"column":57}},"9":{"start":{"line":42,"column":10},"end":{"line":42,"column":27}},"10":{"start":{"line":43,"column":10},"end":{"line":43,"column":25}},"11":{"start":{"line":45,"column":10},"end":{"line":45,"column":32}},"12":{"start":{"line":46,"column":10},"end":{"line":46,"column":20}},"13":{"start":{"line":50,"column":8},"end":{"line":50,"column":20}},"14":{"start":{"line":51,"column":8},"end":{"line":51,"column":22}},"15":{"start":{"line":52,"column":8},"end":{"line":52,"column":23}},"16":{"start":{"line":55,"column":8},"end":{"line":55,"column":23}},"17":{"start":{"line":61,"column":2},"end":{"line":61,"column":79}},"18":{"start":{"line":65,"column":14},"end":{"line":65,"column":37}},"19":{"start":{"line":66,"column":2},"end":{"line":66,"column":74}},"20":{"start":{"line":66,"column":12},"end":{"line":66,"column":74}},"21":{"start":{"line":67,"column":2},"end":{"line":67,"column":13}},"22":{"start":{"line":71,"column":2},"end":{"line":71,"column":33}}},"fnMap":{"0":{"name":"AuthProvider","decl":{"start":{"line":15,"column":16},"end":{"line":15,"column":28}},"loc":{"start":{"line":15,"column":43},"end":{"line":62,"column":1}},"line":15},"1":{"name":"(anonymous_1)","decl":{"start":{"line":16,"column":35},"end":{"line":16,"column":36}},"loc":{"start":{"line":16,"column":41},"end":{"line":16,"column":56}},"line":16},"2":{"name":"(anonymous_2)","decl":{"start":{"line":20,"column":4},"end":{"line":20,"column":5}},"loc":{"start":{"line":20,"column":11},"end":{"line":57,"column":5}},"line":20},"3":{"name":"(anonymous_3)","decl":{"start":{"line":38,"column":6},"end":{"line":38,"column":7}},"loc":{"start":{"line":38,"column":35},"end":{"line":48,"column":7}},"line":38},"4":{"name":"(anonymous_4)","decl":{"start":{"line":49,"column":6},"end":{"line":49,"column":7}},"loc":{"start":{"line":49,"column":15},"end":{"line":53,"column":7}},"line":49},"5":{"name":"(anonymous_5)","decl":{"start":{"line":54,"column":6},"end":{"line":54,"column":7}},"loc":{"start":{"line":54,"column":19},"end":{"line":56,"column":7}},"line":54},"6":{"name":"useAuth","decl":{"start":{"line":64,"column":16},"end":{"line":64,"column":23}},"loc":{"start":{"line":64,"column":26},"end":{"line":68,"column":1}},"line":64},"7":{"name":"useAuthOptional","decl":{"start":{"line":70,"column":16},"end":{"line":70,"column":31}},"loc":{"start":{"line":70,"column":34},"end":{"line":72,"column":1}},"line":70}},"branchMap":{"0":{"loc":{"start":{"line":28,"column":22},"end":{"line":30,"column":14}},"type":"cond-expr","locations":[{"start":{"line":29,"column":10},"end":{"line":29,"column":43}},{"start":{"line":30,"column":10},"end":{"line":30,"column":14}}],"line":28},"1":{"loc":{"start":{"line":28,"column":22},"end":{"line":28,"column":52}},"type":"binary-expr","locations":[{"start":{"line":28,"column":22},"end":{"line":28,"column":34}},{"start":{"line":28,"column":38},"end":{"line":28,"column":52}}],"line":28},"2":{"loc":{"start":{"line":37,"column":18},"end":{"line":37,"column":62}},"type":"cond-expr","locations":[{"start":{"line":37,"column":25},"end":{"line":37,"column":51}},{"start":{"line":37,"column":54},"end":{"line":37,"column":62}}],"line":37},"3":{"loc":{"start":{"line":66,"column":2},"end":{"line":66,"column":74}},"type":"if","locations":[{"start":{"line":66,"column":2},"end":{"line":66,"column":74}},{"start":{},"end":{}}],"line":66}},"s":{"0":1,"1":5,"2":3,"3":5,"4":5,"5":4,"6":1,"7":1,"8":1,"9":1,"10":1,"11":0,"12":0,"13":0,"14":0,"15":0,"16":1,"17":5,"18":8,"19":8,"20":0,"21":8,"22":0},"f":{"0":5,"1":3,"2":4,"3":1,"4":0,"5":1,"6":8,"7":0},"b":{"0":[0,4],"1":[4,0],"2":[1,3],"3":[0,8]},"_coverageSchema":"1a1c01bbd47fc00a2c39e90264f33305004495a9","hash":"d75b7590b46d501ee694fca603e2904991a0385f"}
,"C:\\Users\\rodri\\Desktop\\Proyecto-Municipalidad-Valle-del-Sol\\Sigi_Front\\src\\pages\\Login.jsx": {"path":"C:\\Users\\rodri\\Desktop\\Proyecto-Municipalidad-Valle-del-Sol\\Sigi_Front\\src\\pages\\Login.jsx","statementMap":{"0":{"start":{"line":8,"column":28},"end":{"line":8,"column":40}},"1":{"start":{"line":9,"column":34},"end":{"line":9,"column":46}},"2":{"start":{"line":10,"column":36},"end":{"line":10,"column":51}},"3":{"start":{"line":11,"column":42},"end":{"line":11,"column":57}},"4":{"start":{"line":12,"column":39},"end":{"line":12,"column":48}},"5":{"start":{"line":13,"column":19},"end":{"line":13,"column":32}},"6":{"start":{"line":15,"column":23},"end":{"line":27,"column":3}},"7":{"start":{"line":16,"column":4},"end":{"line":16,"column":23}},"8":{"start":{"line":17,"column":4},"end":{"line":17,"column":17}},"9":{"start":{"line":18,"column":4},"end":{"line":18,"column":23}},"10":{"start":{"line":19,"column":4},"end":{"line":26,"column":5}},"11":{"start":{"line":20,"column":22},"end":{"line":20,"column":57}},"12":{"start":{"line":21,"column":6},"end":{"line":21,"column":46}},"13":{"start":{"line":25,"column":6},"end":{"line":25,"column":26}},"14":{"start":{"line":29,"column":2},"end":{"line":118,"column":4}},"15":{"start":{"line":70,"column":33},"end":{"line":70,"column":57}},"16":{"start":{"line":85,"column":35},"end":{"line":85,"column":62}},"17":{"start":{"line":92,"column":33},"end":{"line":92,"column":59}},"18":{"start":{"line":92,"column":56},"end":{"line":92,"column":58}}},"fnMap":{"0":{"name":"Login","decl":{"start":{"line":7,"column":24},"end":{"line":7,"column":29}},"loc":{"start":{"line":7,"column":32},"end":{"line":119,"column":1}},"line":7},"1":{"name":"(anonymous_1)","decl":{"start":{"line":15,"column":23},"end":{"line":15,"column":24}},"loc":{"start":{"line":15,"column":36},"end":{"line":27,"column":3}},"line":15},"2":{"name":"(anonymous_2)","decl":{"start":{"line":70,"column":26},"end":{"line":70,"column":27}},"loc":{"start":{"line":70,"column":33},"end":{"line":70,"column":57}},"line":70},"3":{"name":"(anonymous_3)","decl":{"start":{"line":85,"column":28},"end":{"line":85,"column":29}},"loc":{"start":{"line":85,"column":35},"end":{"line":85,"column":62}},"line":85},"4":{"name":"(anonymous_4)","decl":{"start":{"line":92,"column":27},"end":{"line":92,"column":28}},"loc":{"start":{"line":92,"column":33},"end":{"line":92,"column":59}},"line":92},"5":{"name":"(anonymous_5)","decl":{"start":{"line":92,"column":49},"end":{"line":92,"column":50}},"loc":{"start":{"line":92,"column":56},"end":{"line":92,"column":58}},"line":92}},"branchMap":{"0":{"loc":{"start":{"line":54,"column":11},"end":{"line":58,"column":11}},"type":"binary-expr","locations":[{"start":{"line":54,"column":11},"end":{"line":54,"column":16}},{"start":{"line":55,"column":12},"end":{"line":57,"column":16}}],"line":54},"1":{"loc":{"start":{"line":82,"column":24},"end":{"line":82,"column":58}},"type":"cond-expr","locations":[{"start":{"line":82,"column":39},"end":{"line":82,"column":45}},{"start":{"line":82,"column":48},"end":{"line":82,"column":58}}],"line":82},"2":{"loc":{"start":{"line":93,"column":30},"end":{"line":93,"column":88}},"type":"cond-expr","locations":[{"start":{"line":93,"column":45},"end":{"line":93,"column":65}},{"start":{"line":93,"column":68},"end":{"line":93,"column":88}}],"line":93},"3":{"loc":{"start":{"line":95,"column":19},"end":{"line":95,"column":51}},"type":"cond-expr","locations":[{"start":{"line":95,"column":34},"end":{"line":95,"column":43}},{"start":{"line":95,"column":46},"end":{"line":95,"column":51}}],"line":95},"4":{"loc":{"start":{"line":105,"column":15},"end":{"line":105,"column":61}},"type":"cond-expr","locations":[{"start":{"line":105,"column":27},"end":{"line":105,"column":42}},{"start":{"line":105,"column":45},"end":{"line":105,"column":61}}],"line":105}},"s":{"0":8,"1":8,"2":8,"3":8,"4":8,"5":8,"6":8,"7":1,"8":1,"9":1,"10":1,"11":1,"12":1,"13":1,"14":8,"15":1,"16":1,"17":1,"18":1},"f":{"0":8,"1":1,"2":1,"3":1,"4":1,"5":1},"b":{"0":[8,0],"1":[1,7],"2":[1,7],"3":[1,7],"4":[1,7]},"_coverageSchema":"1a1c01bbd47fc00a2c39e90264f33305004495a9","hash":"aae56a9c3090bf686a587cc667c30cc60239eb71"}
,"C:\\Users\\rodri\\Desktop\\Proyecto-Municipalidad-Valle-del-Sol\\Sigi_Front\\src\\pages\\Register.jsx": {"path":"C:\\Users\\rodri\\Desktop\\Proyecto-Municipalidad-Valle-del-Sol\\Sigi_Front\\src\\pages\\Register.jsx","statementMap":{"0":{"start":{"line":8,"column":30},"end":{"line":8,"column":42}},"1":{"start":{"line":9,"column":34},"end":{"line":9,"column":46}},"2":{"start":{"line":10,"column":24},"end":{"line":10,"column":36}},"3":{"start":{"line":11,"column":28},"end":{"line":11,"column":40}},"4":{"start":{"line":12,"column":34},"end":{"line":12,"column":46}},"5":{"start":{"line":13,"column":34},"end":{"line":13,"column":46}},"6":{"start":{"line":14,"column":48},"end":{"line":14,"column":60}},"7":{"start":{"line":15,"column":40},"end":{"line":15,"column":54}},"8":{"start":{"line":16,"column":44},"end":{"line":16,"column":56}},"9":{"start":{"line":17,"column":36},"end":{"line":17,"column":48}},"10":{"start":{"line":18,"column":34},"end":{"line":18,"column":46}},"11":{"start":{"line":19,"column":36},"end":{"line":19,"column":51}},"12":{"start":{"line":20,"column":42},"end":{"line":20,"column":57}},"13":{"start":{"line":21,"column":19},"end":{"line":21,"column":32}},"14":{"start":{"line":23,"column":23},"end":{"line":54,"column":3}},"15":{"start":{"line":24,"column":4},"end":{"line":24,"column":23}},"16":{"start":{"line":25,"column":4},"end":{"line":28,"column":5}},"17":{"start":{"line":26,"column":6},"end":{"line":26,"column":55}},"18":{"start":{"line":27,"column":6},"end":{"line":27,"column":13}},"19":{"start":{"line":29,"column":4},"end":{"line":32,"column":5}},"20":{"start":{"line":30,"column":6},"end":{"line":30,"column":66}},"21":{"start":{"line":31,"column":6},"end":{"line":31,"column":13}},"22":{"start":{"line":33,"column":4},"end":{"line":33,"column":25}},"23":{"start":{"line":34,"column":4},"end":{"line":34,"column":21}},"24":{"start":{"line":35,"column":4},"end":{"line":35,"column":20}},"25":{"start":{"line":36,"column":4},"end":{"line":36,"column":23}},"26":{"start":{"line":37,"column":4},"end":{"line":53,"column":5}},"27":{"start":{"line":38,"column":20},"end":{"line":38,"column":65}},"28":{"start":{"line":39,"column":6},"end":{"line":47,"column":9}},"29":{"start":{"line":48,"column":6},"end":{"line":48,"column":59}},"30":{"start":{"line":50,"column":6},"end":{"line":50,"column":79}},"31":{"start":{"line":52,"column":6},"end":{"line":52,"column":26}},"32":{"start":{"line":56,"column":2},"end":{"line":157,"column":4}},"33":{"start":{"line":104,"column":35},"end":{"line":104,"column":62}},"34":{"start":{"line":110,"column":33},"end":{"line":110,"column":59}},"35":{"start":{"line":110,"column":56},"end":{"line":110,"column":58}},"36":{"start":{"line":137,"column":18},"end":{"line":137,"column":62}},"37":{"start":{"line":138,"column":18},"end":{"line":138,"column":35}},"38":{"start":{"line":161,"column":2},"end":{"line":176,"column":4}},"39":{"start":{"line":171,"column":25},"end":{"line":171,"column":49}}},"fnMap":{"0":{"name":"Register","decl":{"start":{"line":7,"column":24},"end":{"line":7,"column":32}},"loc":{"start":{"line":7,"column":35},"end":{"line":158,"column":1}},"line":7},"1":{"name":"(anonymous_1)","decl":{"start":{"line":23,"column":23},"end":{"line":23,"column":24}},"loc":{"start":{"line":23,"column":36},"end":{"line":54,"column":3}},"line":23},"2":{"name":"(anonymous_2)","decl":{"start":{"line":104,"column":28},"end":{"line":104,"column":29}},"loc":{"start":{"line":104,"column":35},"end":{"line":104,"column":62}},"line":104},"3":{"name":"(anonymous_3)","decl":{"start":{"line":110,"column":27},"end":{"line":110,"column":28}},"loc":{"start":{"line":110,"column":33},"end":{"line":110,"column":59}},"line":110},"4":{"name":"(anonymous_4)","decl":{"start":{"line":110,"column":49},"end":{"line":110,"column":50}},"loc":{"start":{"line":110,"column":56},"end":{"line":110,"column":58}},"line":110},"5":{"name":"(anonymous_5)","decl":{"start":{"line":136,"column":26},"end":{"line":136,"column":27}},"loc":{"start":{"line":136,"column":33},"end":{"line":139,"column":17}},"line":136},"6":{"name":"Field","decl":{"start":{"line":160,"column":9},"end":{"line":160,"column":14}},"loc":{"start":{"line":160,"column":85},"end":{"line":177,"column":1}},"line":160},"7":{"name":"(anonymous_7)","decl":{"start":{"line":171,"column":18},"end":{"line":171,"column":19}},"loc":{"start":{"line":171,"column":25},"end":{"line":171,"column":49}},"line":171}},"branchMap":{"0":{"loc":{"start":{"line":25,"column":4},"end":{"line":28,"column":5}},"type":"if","locations":[{"start":{"line":25,"column":4},"end":{"line":28,"column":5}},{"start":{},"end":{}}],"line":25},"1":{"loc":{"start":{"line":29,"column":4},"end":{"line":32,"column":5}},"type":"if","locations":[{"start":{"line":29,"column":4},"end":{"line":32,"column":5}},{"start":{},"end":{}}],"line":29},"2":{"loc":{"start":{"line":45,"column":18},"end":{"line":45,"column":46}},"type":"binary-expr","locations":[{"start":{"line":45,"column":18},"end":{"line":45,"column":33}},{"start":{"line":45,"column":37},"end":{"line":45,"column":46}}],"line":45},"3":{"loc":{"start":{"line":50,"column":18},"end":{"line":50,"column":77}},"type":"binary-expr","locations":[{"start":{"line":50,"column":18},"end":{"line":50,"column":29}},{"start":{"line":50,"column":33},"end":{"line":50,"column":77}}],"line":50},"4":{"loc":{"start":{"line":81,"column":11},"end":{"line":83,"column":11}},"type":"binary-expr","locations":[{"start":{"line":81,"column":11},"end":{"line":81,"column":19}},{"start":{"line":82,"column":12},"end":{"line":82,"column":92}}],"line":81},"5":{"loc":{"start":{"line":100,"column":24},"end":{"line":100,"column":58}},"type":"cond-expr","locations":[{"start":{"line":100,"column":39},"end":{"line":100,"column":45}},{"start":{"line":100,"column":48},"end":{"line":100,"column":58}}],"line":100},"6":{"loc":{"start":{"line":111,"column":30},"end":{"line":111,"column":88}},"type":"cond-expr","locations":[{"start":{"line":111,"column":45},"end":{"line":111,"column":65}},{"start":{"line":111,"column":68},"end":{"line":111,"column":88}}],"line":111},"7":{"loc":{"start":{"line":113,"column":19},"end":{"line":113,"column":51}},"type":"cond-expr","locations":[{"start":{"line":113,"column":34},"end":{"line":113,"column":43}},{"start":{"line":113,"column":46},"end":{"line":113,"column":51}}],"line":113},"8":{"loc":{"start":{"line":125,"column":13},"end":{"line":125,"column":85}},"type":"binary-expr","locations":[{"start":{"line":125,"column":13},"end":{"line":125,"column":26}},{"start":{"line":125,"column":30},"end":{"line":125,"column":85}}],"line":125},"9":{"loc":{"start":{"line":137,"column":33},"end":{"line":137,"column":60}},"type":"binary-expr","locations":[{"start":{"line":137,"column":33},"end":{"line":137,"column":52}},{"start":{"line":137,"column":56},"end":{"line":137,"column":60}}],"line":137},"10":{"loc":{"start":{"line":141,"column":15},"end":{"line":141,"column":84}},"type":"binary-expr","locations":[{"start":{"line":141,"column":15},"end":{"line":141,"column":24}},{"start":{"line":141,"column":28},"end":{"line":141,"column":84}}],"line":141},"11":{"loc":{"start":{"line":148,"column":15},"end":{"line":148,"column":60}},"type":"cond-expr","locations":[{"start":{"line":148,"column":27},"end":{"line":148,"column":43}},{"start":{"line":148,"column":46},"end":{"line":148,"column":60}}],"line":148},"12":{"loc":{"start":{"line":160,"column":28},"end":{"line":160,"column":41}},"type":"default-arg","locations":[{"start":{"line":160,"column":35},"end":{"line":160,"column":41}}],"line":160}},"s":{"0":49,"1":49,"2":49,"3":49,"4":49,"5":49,"6":49,"7":49,"8":49,"9":49,"10":49,"11":49,"12":49,"13":49,"14":49,"15":5,"16":5,"17":1,"18":1,"19":4,"20":2,"21":2,"22":2,"23":2,"24":2,"25":2,"26":2,"27":2,"28":2,"29":1,"30":1,"31":2,"32":49,"33":5,"34":2,"35":2,"36":3,"37":3,"38":294,"39":26},"f":{"0":49,"1":5,"2":5,"3":2,"4":2,"5":3,"6":294,"7":26},"b":{"0":[1,4],"1":[2,2],"2":[2,1],"3":[1,0],"4":[49,1],"5":[1,48],"6":[1,48],"7":[1,48],"8":[49,1],"9":[3,0],"10":[49,2],"11":[2,47],"12":[196]},"_coverageSchema":"1a1c01bbd47fc00a2c39e90264f33305004495a9","hash":"73ab4ea39e45f927b516061808b994a3d8989073"}
,"C:\\Users\\rodri\\Desktop\\Proyecto-Municipalidad-Valle-del-Sol\\Sigi_Front\\src\\services\\apiClient.js": {"path":"C:\\Users\\rodri\\Desktop\\Proyecto-Municipalidad-Valle-del-Sol\\Sigi_Front\\src\\services\\apiClient.js","statementMap":{"0":{"start":{"line":3,"column":20},"end":{"line":3,"column":31}},"1":{"start":{"line":6,"column":2},"end":{"line":11,"column":3}},"2":{"start":{"line":7,"column":16},"end":{"line":7,"column":49}},"3":{"start":{"line":8,"column":4},"end":{"line":8,"column":40}},"4":{"start":{"line":10,"column":4},"end":{"line":10,"column":16}},"5":{"start":{"line":15,"column":2},"end":{"line":19,"column":3}},"6":{"start":{"line":16,"column":4},"end":{"line":16,"column":60}},"7":{"start":{"line":18,"column":4},"end":{"line":18,"column":41}},"8":{"start":{"line":23,"column":15},"end":{"line":23,"column":30}},"9":{"start":{"line":24,"column":18},"end":{"line":27,"column":3}},"10":{"start":{"line":29,"column":2},"end":{"line":31,"column":3}},"11":{"start":{"line":30,"column":4},"end":{"line":30,"column":51}},"12":{"start":{"line":33,"column":19},"end":{"line":36,"column":4}},"13":{"start":{"line":38,"column":2},"end":{"line":43,"column":3}},"14":{"start":{"line":39,"column":20},"end":{"line":39,"column":53}},"15":{"start":{"line":40,"column":16},"end":{"line":40,"column":34}},"16":{"start":{"line":41,"column":4},"end":{"line":41,"column":33}},"17":{"start":{"line":42,"column":4},"end":{"line":42,"column":14}},"18":{"start":{"line":45,"column":2},"end":{"line":45,"column":43}},"19":{"start":{"line":45,"column":31},"end":{"line":45,"column":43}},"20":{"start":{"line":47,"column":15},"end":{"line":47,"column":36}},"21":{"start":{"line":48,"column":2},"end":{"line":48,"column":40}},"22":{"start":{"line":53,"column":15},"end":{"line":53,"column":30}},"23":{"start":{"line":54,"column":18},"end":{"line":54,"column":20}},"24":{"start":{"line":55,"column":2},"end":{"line":57,"column":3}},"25":{"start":{"line":56,"column":4},"end":{"line":56,"column":51}},"26":{"start":{"line":59,"column":19},"end":{"line":63,"column":4}},"27":{"start":{"line":65,"column":2},"end":{"line":68,"column":3}},"28":{"start":{"line":66,"column":20},"end":{"line":66,"column":53}},"29":{"start":{"line":67,"column":4},"end":{"line":67,"column":29}},"30":{"start":{"line":70,"column":15},"end":{"line":70,"column":36}},"31":{"start":{"line":71,"column":2},"end":{"line":71,"column":40}},"32":{"start":{"line":75,"column":2},"end":{"line":75,"column":25}},"33":{"start":{"line":75,"column":13},"end":{"line":75,"column":25}},"34":{"start":{"line":76,"column":2},"end":{"line":76,"column":43}},"35":{"start":{"line":76,"column":31},"end":{"line":76,"column":43}},"36":{"start":{"line":77,"column":2},"end":{"line":77,"column":34}},"37":{"start":{"line":81,"column":2},"end":{"line":93,"column":3}},"38":{"start":{"line":82,"column":17},"end":{"line":82,"column":38}},"39":{"start":{"line":83,"column":4},"end":{"line":83,"column":68}},"40":{"start":{"line":85,"column":19},"end":{"line":91,"column":5}},"41":{"start":{"line":92,"column":4},"end":{"line":92,"column":65}}},"fnMap":{"0":{"name":"getStoredAuth","decl":{"start":{"line":5,"column":16},"end":{"line":5,"column":29}},"loc":{"start":{"line":5,"column":32},"end":{"line":12,"column":1}},"line":5},"1":{"name":"setStoredAuth","decl":{"start":{"line":14,"column":16},"end":{"line":14,"column":29}},"loc":{"start":{"line":14,"column":36},"end":{"line":20,"column":1}},"line":14},"2":{"name":"apiFetch","decl":{"start":{"line":22,"column":22},"end":{"line":22,"column":30}},"loc":{"start":{"line":22,"column":51},"end":{"line":49,"column":1}},"line":22},"3":{"name":"apiUpload","decl":{"start":{"line":52,"column":22},"end":{"line":52,"column":31}},"loc":{"start":{"line":52,"column":62},"end":{"line":72,"column":1}},"line":52},"4":{"name":"mediaUrl","decl":{"start":{"line":74,"column":16},"end":{"line":74,"column":24}},"loc":{"start":{"line":74,"column":31},"end":{"line":78,"column":1}},"line":74},"5":{"name":"parseErrorMessage","decl":{"start":{"line":80,"column":15},"end":{"line":80,"column":32}},"loc":{"start":{"line":80,"column":43},"end":{"line":94,"column":1}},"line":80}},"branchMap":{"0":{"loc":{"start":{"line":8,"column":11},"end":{"line":8,"column":39}},"type":"cond-expr","locations":[{"start":{"line":8,"column":17},"end":{"line":8,"column":32}},{"start":{"line":8,"column":35},"end":{"line":8,"column":39}}],"line":8},"1":{"loc":{"start":{"line":15,"column":2},"end":{"line":19,"column":3}},"type":"if","locations":[{"start":{"line":15,"column":2},"end":{"line":19,"column":3}},{"start":{"line":17,"column":9},"end":{"line":19,"column":3}}],"line":15},"2":{"loc":{"start":{"line":22,"column":37},"end":{"line":22,"column":49}},"type":"default-arg","locations":[{"start":{"line":22,"column":47},"end":{"line":22,"column":49}}],"line":22},"3":{"loc":{"start":{"line":26,"column":8},"end":{"line":26,"column":29}},"type":"binary-expr","locations":[{"start":{"line":26,"column":8},"end":{"line":26,"column":23}},{"start":{"line":26,"column":27},"end":{"line":26,"column":29}}],"line":26},"4":{"loc":{"start":{"line":29,"column":2},"end":{"line":31,"column":3}},"type":"if","locations":[{"start":{"line":29,"column":2},"end":{"line":31,"column":3}},{"start":{},"end":{}}],"line":29},"5":{"loc":{"start":{"line":29,"column":6},"end":{"line":29,"column":38}},"type":"binary-expr","locations":[{"start":{"line":29,"column":6},"end":{"line":29,"column":17}},{"start":{"line":29,"column":21},"end":{"line":29,"column":38}}],"line":29},"6":{"loc":{"start":{"line":38,"column":2},"end":{"line":43,"column":3}},"type":"if","locations":[{"start":{"line":38,"column":2},"end":{"line":43,"column":3}},{"start":{},"end":{}}],"line":38},"7":{"loc":{"start":{"line":45,"column":2},"end":{"line":45,"column":43}},"type":"if","locations":[{"start":{"line":45,"column":2},"end":{"line":45,"column":43}},{"start":{},"end":{}}],"line":45},"8":{"loc":{"start":{"line":48,"column":9},"end":{"line":48,"column":39}},"type":"cond-expr","locations":[{"start":{"line":48,"column":16},"end":{"line":48,"column":32}},{"start":{"line":48,"column":35},"end":{"line":48,"column":39}}],"line":48},"9":{"loc":{"start":{"line":52,"column":48},"end":{"line":52,"column":60}},"type":"default-arg","locations":[{"start":{"line":52,"column":58},"end":{"line":52,"column":60}}],"line":52},"10":{"loc":{"start":{"line":55,"column":2},"end":{"line":57,"column":3}},"type":"if","locations":[{"start":{"line":55,"column":2},"end":{"line":57,"column":3}},{"start":{},"end":{}}],"line":55},"11":{"loc":{"start":{"line":55,"column":6},"end":{"line":55,"column":38}},"type":"binary-expr","locations":[{"start":{"line":55,"column":6},"end":{"line":55,"column":17}},{"start":{"line":55,"column":21},"end":{"line":55,"column":38}}],"line":55},"12":{"loc":{"start":{"line":65,"column":2},"end":{"line":68,"column":3}},"type":"if","locations":[{"start":{"line":65,"column":2},"end":{"line":68,"column":3}},{"start":{},"end":{}}],"line":65},"13":{"loc":{"start":{"line":71,"column":9},"end":{"line":71,"column":39}},"type":"cond-expr","locations":[{"start":{"line":71,"column":16},"end":{"line":71,"column":32}},{"start":{"line":71,"column":35},"end":{"line":71,"column":39}}],"line":71},"14":{"loc":{"start":{"line":75,"column":2},"end":{"line":75,"column":25}},"type":"if","locations":[{"start":{"line":75,"column":2},"end":{"line":75,"column":25}},{"start":{},"end":{}}],"line":75},"15":{"loc":{"start":{"line":76,"column":2},"end":{"line":76,"column":43}},"type":"if","locations":[{"start":{"line":76,"column":2},"end":{"line":76,"column":43}},{"start":{},"end":{}}],"line":76},"16":{"loc":{"start":{"line":83,"column":11},"end":{"line":83,"column":67}},"type":"binary-expr","locations":[{"start":{"line":83,"column":11},"end":{"line":83,"column":23}},{"start":{"line":83,"column":27},"end":{"line":83,"column":37}},{"start":{"line":83,"column":41},"end":{"line":83,"column":67}}],"line":83},"17":{"loc":{"start":{"line":92,"column":11},"end":{"line":92,"column":64}},"type":"binary-expr","locations":[{"start":{"line":92,"column":11},"end":{"line":92,"column":34}},{"start":{"line":92,"column":38},"end":{"line":92,"column":64}}],"line":92}},"s":{"0":8,"1":17,"2":17,"3":17,"4":1,"5":2,"6":1,"7":1,"8":8,"9":8,"10":8,"11":1,"12":8,"13":8,"14":3,"15":3,"16":3,"17":3,"18":5,"19":1,"20":4,"21":4,"22":3,"23":3,"24":3,"25":1,"26":3,"27":3,"28":1,"29":1,"30":2,"31":2,"32":3,"33":1,"34":2,"35":1,"36":1,"37":4,"38":4,"39":2,"40":2,"41":2},"f":{"0":17,"1":2,"2":8,"3":3,"4":3,"5":4},"b":{"0":[4,13],"1":[1,1],"2":[5],"3":[8,7],"4":[1,7],"5":[8,1],"6":[3,5],"7":[1,4],"8":[3,1],"9":[3],"10":[1,2],"11":[3,1],"12":[1,2],"13":[2,0],"14":[1,2],"15":[1,1],"16":[2,0,0],"17":[2,0]},"_coverageSchema":"1a1c01bbd47fc00a2c39e90264f33305004495a9","hash":"3ee3c6c6c766e02600734add57390996d2959215"}
,"C:\\Users\\rodri\\Desktop\\Proyecto-Municipalidad-Valle-del-Sol\\Sigi_Front\\src\\services\\authService.js": {"path":"C:\\Users\\rodri\\Desktop\\Proyecto-Municipalidad-Valle-del-Sol\\Sigi_Front\\src\\services\\authService.js","statementMap":{"0":{"start":{"line":4,"column":15},"end":{"line":8,"column":4}},"1":{"start":{"line":10,"column":15},"end":{"line":19,"column":3}},"2":{"start":{"line":20,"column":2},"end":{"line":20,"column":22}},"3":{"start":{"line":21,"column":2},"end":{"line":21,"column":14}},"4":{"start":{"line":25,"column":2},"end":{"line":29,"column":5}},"5":{"start":{"line":33,"column":2},"end":{"line":33,"column":22}}},"fnMap":{"0":{"name":"login","decl":{"start":{"line":3,"column":22},"end":{"line":3,"column":27}},"loc":{"start":{"line":3,"column":45},"end":{"line":22,"column":1}},"line":3},"1":{"name":"registro","decl":{"start":{"line":24,"column":22},"end":{"line":24,"column":30}},"loc":{"start":{"line":24,"column":40},"end":{"line":30,"column":1}},"line":24},"2":{"name":"logout","decl":{"start":{"line":32,"column":16},"end":{"line":32,"column":22}},"loc":{"start":{"line":32,"column":25},"end":{"line":34,"column":1}},"line":32}},"branchMap":{},"s":{"0":2,"1":1,"2":1,"3":1,"4":2,"5":1},"f":{"0":2,"1":2,"2":1},"b":{},"_coverageSchema":"1a1c01bbd47fc00a2c39e90264f33305004495a9","hash":"a8677dfab0117fbdf19ca3d03b9fc66c00914deb"}
,"C:\\Users\\rodri\\Desktop\\Proyecto-Municipalidad-Valle-del-Sol\\Sigi_Front\\src\\services\\empleoService.js": {"path":"C:\\Users\\rodri\\Desktop\\Proyecto-Municipalidad-Valle-del-Sol\\Sigi_Front\\src\\services\\empleoService.js","statementMap":{"0":{"start":{"line":4,"column":2},"end":{"line":4,"column":34}},"1":{"start":{"line":8,"column":2},"end":{"line":8,"column":46}},"2":{"start":{"line":12,"column":2},"end":{"line":12,"column":48}},"3":{"start":{"line":16,"column":2},"end":{"line":19,"column":5}},"4":{"start":{"line":23,"column":2},"end":{"line":26,"column":5}},"5":{"start":{"line":30,"column":2},"end":{"line":30,"column":62}},"6":{"start":{"line":34,"column":2},"end":{"line":34,"column":75}},"7":{"start":{"line":38,"column":2},"end":{"line":38,"column":53}}},"fnMap":{"0":{"name":"listarEmpleos","decl":{"start":{"line":3,"column":22},"end":{"line":3,"column":35}},"loc":{"start":{"line":3,"column":38},"end":{"line":5,"column":1}},"line":3},"1":{"name":"listarEmpleosAdmin","decl":{"start":{"line":7,"column":22},"end":{"line":7,"column":40}},"loc":{"start":{"line":7,"column":43},"end":{"line":9,"column":1}},"line":7},"2":{"name":"listarPostulaciones","decl":{"start":{"line":11,"column":22},"end":{"line":11,"column":41}},"loc":{"start":{"line":11,"column":44},"end":{"line":13,"column":1}},"line":11},"3":{"name":"crearEmpleo","decl":{"start":{"line":15,"column":22},"end":{"line":15,"column":33}},"loc":{"start":{"line":15,"column":40},"end":{"line":20,"column":1}},"line":15},"4":{"name":"actualizarEmpleo","decl":{"start":{"line":22,"column":22},"end":{"line":22,"column":38}},"loc":{"start":{"line":22,"column":49},"end":{"line":27,"column":1}},"line":22},"5":{"name":"eliminarEmpleo","decl":{"start":{"line":29,"column":22},"end":{"line":29,"column":36}},"loc":{"start":{"line":29,"column":41},"end":{"line":31,"column":1}},"line":29},"6":{"name":"postularEmpleo","decl":{"start":{"line":33,"column":22},"end":{"line":33,"column":36}},"loc":{"start":{"line":33,"column":47},"end":{"line":35,"column":1}},"line":33},"7":{"name":"misPostulaciones","decl":{"start":{"line":37,"column":22},"end":{"line":37,"column":38}},"loc":{"start":{"line":37,"column":41},"end":{"line":39,"column":1}},"line":37}},"branchMap":{},"s":{"0":1,"1":1,"2":1,"3":1,"4":1,"5":1,"6":1,"7":1},"f":{"0":1,"1":1,"2":1,"3":1,"4":1,"5":1,"6":1,"7":1},"b":{},"_coverageSchema":"1a1c01bbd47fc00a2c39e90264f33305004495a9","hash":"bccc91d30e4f84008869ed5b3f59c65a28aa7905"}
,"C:\\Users\\rodri\\Desktop\\Proyecto-Municipalidad-Valle-del-Sol\\Sigi_Front\\src\\services\\mediaService.js": {"path":"C:\\Users\\rodri\\Desktop\\Proyecto-Municipalidad-Valle-del-Sol\\Sigi_Front\\src\\services\\mediaService.js","statementMap":{"0":{"start":{"line":4,"column":15},"end":{"line":4,"column":29}},"1":{"start":{"line":5,"column":2},"end":{"line":5,"column":28}},"2":{"start":{"line":6,"column":2},"end":{"line":8,"column":3}},"3":{"start":{"line":7,"column":4},"end":{"line":7,"column":77}},"4":{"start":{"line":9,"column":2},"end":{"line":9,"column":28}},"5":{"start":{"line":10,"column":2},"end":{"line":12,"column":3}},"6":{"start":{"line":11,"column":4},"end":{"line":11,"column":54}},"7":{"start":{"line":13,"column":2},"end":{"line":13,"column":46}}},"fnMap":{"0":{"name":"subirImagen","decl":{"start":{"line":3,"column":22},"end":{"line":3,"column":33}},"loc":{"start":{"line":3,"column":67},"end":{"line":14,"column":1}},"line":3}},"branchMap":{"0":{"loc":{"start":{"line":3,"column":46},"end":{"line":3,"column":65}},"type":"default-arg","locations":[{"start":{"line":3,"column":61},"end":{"line":3,"column":65}}],"line":3},"1":{"loc":{"start":{"line":6,"column":2},"end":{"line":8,"column":3}},"type":"if","locations":[{"start":{"line":6,"column":2},"end":{"line":8,"column":3}},{"start":{},"end":{}}],"line":6},"2":{"loc":{"start":{"line":10,"column":2},"end":{"line":12,"column":3}},"type":"if","locations":[{"start":{"line":10,"column":2},"end":{"line":12,"column":3}},{"start":{},"end":{}}],"line":10}},"s":{"0":1,"1":1,"2":1,"3":0,"4":1,"5":1,"6":0,"7":1},"f":{"0":1},"b":{"0":[1],"1":[0,1],"2":[0,1]},"_coverageSchema":"1a1c01bbd47fc00a2c39e90264f33305004495a9","hash":"12fbf5f0bc46d099047f02870264de6ffbf7d4c8"}
,"C:\\Users\\rodri\\Desktop\\Proyecto-Municipalidad-Valle-del-Sol\\Sigi_Front\\src\\test\\apiMock.js": {"path":"C:\\Users\\rodri\\Desktop\\Proyecto-Municipalidad-Valle-del-Sol\\Sigi_Front\\src\\test\\apiMock.js","statementMap":{"0":{"start":{"line":1,"column":28},"end":{"line":1,"column":30}}},"fnMap":{},"branchMap":{},"s":{"0":8},"f":{},"b":{},"_coverageSchema":"1a1c01bbd47fc00a2c39e90264f33305004495a9","hash":"3b4f63c57b49b8d1681e62cf1d9e2c1980383080"}
,"C:\\Users\\rodri\\Desktop\\Proyecto-Municipalidad-Valle-del-Sol\\Sigi_Front\\src\\utils\\reporteMappers.js": {"path":"C:\\Users\\rodri\\Desktop\\Proyecto-Municipalidad-Valle-del-Sol\\Sigi_Front\\src\\utils\\reporteMappers.js","statementMap":{"0":{"start":{"line":3,"column":23},"end":{"line":8,"column":3}},"1":{"start":{"line":10,"column":16},"end":{"line":15,"column":9}},"2":{"start":{"line":17,"column":2},"end":{"line":32,"column":4}},"3":{"start":{"line":35,"column":32},"end":{"line":41,"column":1}},"4":{"start":{"line":43,"column":31},"end":{"line":48,"column":1}}},"fnMap":{"0":{"name":"reporteApiACard","decl":{"start":{"line":2,"column":16},"end":{"line":2,"column":31}},"loc":{"start":{"line":2,"column":41},"end":{"line":33,"column":1}},"line":2}},"branchMap":{"0":{"loc":{"start":{"line":10,"column":16},"end":{"line":15,"column":9}},"type":"cond-expr","locations":[{"start":{"line":11,"column":6},"end":{"line":14,"column":8}},{"start":{"line":15,"column":6},"end":{"line":15,"column":9}}],"line":10},"1":{"loc":{"start":{"line":19,"column":12},"end":{"line":19,"column":48}},"type":"binary-expr","locations":[{"start":{"line":19,"column":12},"end":{"line":19,"column":29}},{"start":{"line":19,"column":33},"end":{"line":19,"column":48}}],"line":19},"2":{"loc":{"start":{"line":20,"column":17},"end":{"line":20,"column":59}},"type":"binary-expr","locations":[{"start":{"line":20,"column":17},"end":{"line":20,"column":48}},{"start":{"line":20,"column":52},"end":{"line":20,"column":59}}],"line":20},"3":{"loc":{"start":{"line":21,"column":12},"end":{"line":21,"column":39}},"type":"binary-expr","locations":[{"start":{"line":21,"column":12},"end":{"line":21,"column":26}},{"start":{"line":21,"column":30},"end":{"line":21,"column":39}}],"line":21},"4":{"loc":{"start":{"line":28,"column":23},"end":{"line":28,"column":53}},"type":"binary-expr","locations":[{"start":{"line":28,"column":23},"end":{"line":28,"column":48}},{"start":{"line":28,"column":52},"end":{"line":28,"column":53}}],"line":28}},"s":{"0":1,"1":1,"2":1,"3":1,"4":1},"f":{"0":1},"b":{"0":[1,0],"1":[1,0],"2":[1,0],"3":[1,0],"4":[1,1]},"_coverageSchema":"1a1c01bbd47fc00a2c39e90264f33305004495a9","hash":"96c85addb4a14414e22d80a508b7db3588f3e8d7"}
}
