TN:
SF:src\components\AuthHero.jsx
FN:1,AuthHero
FNF:1
FNH:1
FNDA:57,AuthHero
DA:2,57
LF:1
LH:1
BRF:0
BRH:0
end_of_record
TN:
SF:src\components\ReporteIncendioCard.jsx
FN:3,ReporteIncendioCard
FN:8,(anonymous_1)
FNF:2
FNH:2
FNDA:2,ReporteIncendioCard
FNDA:1,(anonymous_1)
DA:4,2
DA:8,2
DA:9,1
DA:10,1
DA:13,2
LF:5
LH:5
BRDA:16,0,0,1
BRDA:16,0,1,1
BRDA:21,1,0,2
BRDA:21,1,1,0
BRDA:23,2,0,0
BRDA:23,2,1,0
BRDA:28,3,0,2
BRDA:28,3,1,0
BRDA:32,4,0,2
BRDA:32,4,1,0
BRDA:37,5,0,2
BRDA:37,5,1,0
BRDA:41,6,0,0
BRDA:41,6,1,2
BRDA:51,7,0,1
BRDA:51,7,1,1
BRF:16
BRH:9
end_of_record
TN:
SF:src\constants\usuariosPrueba.js
FN:135,esAdmin
FN:139,esOperador
FN:143,esEquipoEmergencia
FN:147,esEquipoSolo
FN:151,esCiudadano
FN:155,puedeReportar
FN:159,rutaInicioPorRol
FNF:7
FNH:6
FNDA:8,esAdmin
FNDA:8,esOperador
FNDA:4,esEquipoEmergencia
FNDA:6,esEquipoSolo
FNDA:0,esCiudadano
FNDA:4,puedeReportar
FNDA:3,rutaInicioPorRol
DA:4,2
DA:77,2
DA:88,2
DA:96,2
DA:102,2
DA:136,8
DA:140,8
DA:144,4
DA:148,6
DA:152,0
DA:156,4
DA:160,3
DA:161,2
DA:162,2
LF:14
LH:13
BRDA:140,0,0,8
BRDA:140,0,1,8
BRDA:144,1,0,4
BRDA:144,1,1,4
BRDA:160,2,0,1
BRDA:160,2,1,2
BRDA:160,3,0,3
BRDA:160,3,1,2
BRDA:161,4,0,0
BRDA:161,4,1,2
BRF:10
BRH:9
end_of_record
TN:
SF:src\context\AuthContext.jsx
FN:15,AuthProvider
FN:16,(anonymous_1)
FN:20,(anonymous_2)
FN:38,(anonymous_3)
FN:49,(anonymous_4)
FN:54,(anonymous_5)
FN:64,useAuth
FN:70,useAuthOptional
FNF:8
FNH:6
FNDA:5,AuthProvider
FNDA:3,(anonymous_1)
FNDA:4,(anonymous_2)
FNDA:1,(anonymous_3)
FNDA:0,(anonymous_4)
FNDA:1,(anonymous_5)
FNDA:8,useAuth
FNDA:0,useAuthOptional
DA:13,1
DA:16,5
DA:17,5
DA:19,5
DA:20,4
DA:39,1
DA:40,1
DA:41,1
DA:42,1
DA:43,1
DA:45,0
DA:46,0
DA:50,0
DA:51,0
DA:52,0
DA:55,1
DA:61,5
DA:65,8
DA:66,8
DA:67,8
DA:71,0
LF:21
LH:15
BRDA:28,0,0,0
BRDA:28,0,1,4
BRDA:28,1,0,4
BRDA:28,1,1,0
BRDA:37,2,0,1
BRDA:37,2,1,3
BRDA:66,3,0,0
BRDA:66,3,1,8
BRF:8
BRH:5
end_of_record
TN:
SF:src\pages\Login.jsx
FN:7,Login
FN:15,(anonymous_1)
FN:70,(anonymous_2)
FN:85,(anonymous_3)
FN:92,(anonymous_4)
FN:92,(anonymous_5)
FNF:6
FNH:6
FNDA:8,Login
FNDA:1,(anonymous_1)
FNDA:1,(anonymous_2)
FNDA:1,(anonymous_3)
FNDA:1,(anonymous_4)
FNDA:1,(anonymous_5)
DA:8,8
DA:9,8
DA:10,8
DA:11,8
DA:12,8
DA:13,8
DA:15,8
DA:16,1
DA:17,1
DA:18,1
DA:19,1
DA:20,1
DA:21,1
DA:25,1
DA:29,8
DA:70,1
DA:85,1
DA:92,1
LF:18
LH:18
BRDA:54,0,0,8
BRDA:54,0,1,0
BRDA:82,1,0,1
BRDA:82,1,1,7
BRDA:93,2,0,1
BRDA:93,2,1,7
BRDA:95,3,0,1
BRDA:95,3,1,7
BRDA:105,4,0,1
BRDA:105,4,1,7
BRF:10
BRH:9
end_of_record
TN:
SF:src\pages\Register.jsx
FN:7,Register
FN:23,(anonymous_1)
FN:104,(anonymous_2)
FN:110,(anonymous_3)
FN:110,(anonymous_4)
FN:136,(anonymous_5)
FN:160,Field
FN:171,(anonymous_7)
FNF:8
FNH:8
FNDA:49,Register
FNDA:5,(anonymous_1)
FNDA:5,(anonymous_2)
FNDA:2,(anonymous_3)
FNDA:2,(anonymous_4)
FNDA:3,(anonymous_5)
FNDA:294,Field
FNDA:26,(anonymous_7)
DA:8,49
DA:9,49
DA:10,49
DA:11,49
DA:12,49
DA:13,49
DA:14,49
DA:15,49
DA:16,49
DA:17,49
DA:18,49
DA:19,49
DA:20,49
DA:21,49
DA:23,49
DA:24,5
DA:25,5
DA:26,1
DA:27,1
DA:29,4
DA:30,2
DA:31,2
DA:33,2
DA:34,2
DA:35,2
DA:36,2
DA:37,2
DA:38,2
DA:39,2
DA:48,1
DA:50,1
DA:52,2
DA:56,49
DA:104,5
DA:110,2
DA:137,3
DA:138,3
DA:161,294
DA:171,26
LF:39
LH:39
BRDA:25,0,0,1
BRDA:25,0,1,4
BRDA:29,1,0,2
BRDA:29,1,1,2
BRDA:45,2,0,2
BRDA:45,2,1,1
BRDA:50,3,0,1
BRDA:50,3,1,0
BRDA:81,4,0,49
BRDA:81,4,1,1
BRDA:100,5,0,1
BRDA:100,5,1,48
BRDA:111,6,0,1
BRDA:111,6,1,48
BRDA:113,7,0,1
BRDA:113,7,1,48
BRDA:125,8,0,49
BRDA:125,8,1,1
BRDA:137,9,0,3
BRDA:137,9,1,0
BRDA:141,10,0,49
BRDA:141,10,1,2
BRDA:148,11,0,2
BRDA:148,11,1,47
BRDA:160,12,0,196
BRF:25
BRH:23
end_of_record
TN:
SF:src\services\apiClient.js
FN:5,getStoredAuth
FN:14,setStoredAuth
FN:22,apiFetch
FN:52,apiUpload
FN:74,mediaUrl
FN:80,parseErrorMessage
FNF:6
FNH:6
FNDA:17,getStoredAuth
FNDA:2,setStoredAuth
FNDA:8,apiFetch
FNDA:3,apiUpload
FNDA:3,mediaUrl
FNDA:4,parseErrorMessage
DA:3,8
DA:6,17
DA:7,17
DA:8,17
DA:10,1
DA:15,2
DA:16,1
DA:18,1
DA:23,8
DA:24,8
DA:29,8
DA:30,1
DA:33,8
DA:38,8
DA:39,3
DA:40,3
DA:41,3
DA:42,3
DA:45,5
DA:47,4
DA:48,4
DA:53,3
DA:54,3
DA:55,3
DA:56,1
DA:59,3
DA:65,3
DA:66,1
DA:67,1
DA:70,2
DA:71,2
DA:75,3
DA:76,2
DA:77,1
DA:81,4
DA:82,4
DA:83,2
DA:85,2
DA:92,2
LF:39
LH:39
BRDA:8,0,0,4
BRDA:8,0,1,13
BRDA:15,1,0,1
BRDA:15,1,1,1
BRDA:22,2,0,5
BRDA:26,3,0,8
BRDA:26,3,1,7
BRDA:29,4,0,1
BRDA:29,4,1,7
BRDA:29,5,0,8
BRDA:29,5,1,1
BRDA:38,6,0,3
BRDA:38,6,1,5
BRDA:45,7,0,1
BRDA:45,7,1,4
BRDA:48,8,0,3
BRDA:48,8,1,1
BRDA:52,9,0,3
BRDA:55,10,0,1
BRDA:55,10,1,2
BRDA:55,11,0,3
BRDA:55,11,1,1
BRDA:65,12,0,1
BRDA:65,12,1,2
BRDA:71,13,0,2
BRDA:71,13,1,0
BRDA:75,14,0,1
BRDA:75,14,1,2
BRDA:76,15,0,1
BRDA:76,15,1,1
BRDA:83,16,0,2
BRDA:83,16,1,0
BRDA:83,16,2,0
BRDA:92,17,0,2
BRDA:92,17,1,0
BRF:35
BRH:31
end_of_record
TN:
SF:src\services\authService.js
FN:3,login
FN:24,registro
FN:32,logout
FNF:3
FNH:3
FNDA:2,login
FNDA:2,registro
FNDA:1,logout
DA:4,2
DA:10,1
DA:20,1
DA:21,1
DA:25,2
DA:33,1
LF:6
LH:6
BRF:0
BRH:0
end_of_record
TN:
SF:src\services\empleoService.js
FN:3,listarEmpleos
FN:7,listarEmpleosAdmin
FN:11,listarPostulaciones
FN:15,crearEmpleo
FN:22,actualizarEmpleo
FN:29,eliminarEmpleo
FN:33,postularEmpleo
FN:37,misPostulaciones
FNF:8
FNH:8
FNDA:1,listarEmpleos
FNDA:1,listarEmpleosAdmin
FNDA:1,listarPostulaciones
FNDA:1,crearEmpleo
FNDA:1,actualizarEmpleo
FNDA:1,eliminarEmpleo
FNDA:1,postularEmpleo
FNDA:1,misPostulaciones
DA:4,1
DA:8,1
DA:12,1
DA:16,1
DA:23,1
DA:30,1
DA:34,1
DA:38,1
LF:8
LH:8
BRF:0
BRH:0
end_of_record
TN:
SF:src\services\mediaService.js
FN:3,subirImagen
FNF:1
FNH:1
FNDA:1,subirImagen
DA:4,1
DA:5,1
DA:6,1
DA:7,0
DA:9,1
DA:10,1
DA:11,0
DA:13,1
LF:8
LH:6
BRDA:3,0,0,1
BRDA:6,1,0,0
BRDA:6,1,1,1
BRDA:10,2,0,0
BRDA:10,2,1,1
BRF:5
BRH:3
end_of_record
TN:
SF:src\test\apiMock.js
FNF:0
FNH:0
DA:1,8
LF:1
LH:1
BRF:0
BRH:0
end_of_record
TN:
SF:src\utils\reporteMappers.js
FN:2,reporteApiACard
FNF:1
FNH:1
FNDA:1,reporteApiACard
DA:3,1
DA:10,1
DA:17,1
DA:35,1
DA:43,1
LF:5
LH:5
BRDA:10,0,0,1
BRDA:10,0,1,0
BRDA:19,1,0,1
BRDA:19,1,1,0
BRDA:20,2,0,1
BRDA:20,2,1,0
BRDA:21,3,0,1
BRDA:21,3,1,0
BRDA:28,4,0,1
BRDA:28,4,1,1
BRF:10
BRH:6
end_of_record
